<?xml version="1.0" encoding="UTF-8"?>
<testng-results skipped="0" failed="0" total="1" passed="1">
  <reporter-output>
  </reporter-output>
  <suite name="Default suite" duration-ms="14801" started-at="2020-08-13T11:58:35Z" finished-at="2020-08-13T11:58:50Z">
    <groups>
    </groups>
    <test name="Default test" duration-ms="14801" started-at="2020-08-13T11:58:35Z" finished-at="2020-08-13T11:58:50Z">
      <class name="com.yet.met.moca.MyTestNGTest">
        <test-method status="PASS" signature="f()[pri:0, instance:com.yet.met.moca.MyTestNGTest@34033bd0]" name="f" duration-ms="14762" started-at="2020-08-13T04:58:35Z" finished-at="2020-08-13T04:58:50Z">
          <reporter-output>
          </reporter-output>
        </test-method> <!-- f -->
      </class> <!-- com.yet.met.moca.MyTestNGTest -->
    </test> <!-- Default test -->
  </suite> <!-- Default suite -->
</testng-results>
